Thu 24 Aug 2023 07:52:24 PM UTC: 
 list.c | 25 +++++++++++++++++++++++--
 1 file changed, 23 insertions(+), 2 deletions(-)
In file included from test.c:5:
list.c: In function ‘createList’:
list.c:34:7: error: ‘List’ {aka ‘struct List’} has no member named ‘size’
   34 |   list->size=0;
      |       ^~
list.c: At top level:
list.c:39:8: error: conflicting types for ‘firstList’; have ‘void *(List *, int)’ {aka ‘void *(struct List *, int)’}
   39 | void * firstList(List * list, int x) {
      |        ^~~~~~~~~
In file included from list.c:4,
                 from test.c:5:
list.h:8:8: note: previous declaration of ‘firstList’ with type ‘void *(List *)’ {aka ‘void *(struct List *)’}
    8 | void * firstList(List * list);
      |        ^~~~~~~~~
In file included from test.c:5:
list.c: In function ‘firstList’:
list.c:40:4: error: request for member ‘next’ in something not a structure or union
   40 |   x.next =   List.head;
      |    ^
list.c:40:14: error: expected expression before ‘List’
   40 |   x.next =   List.head;
      |              ^~~~
list.c:41:6: error: expected ‘(’ before ‘List’
   41 |   if List.head != NULL
      |      ^~~~
      |      (
list.c:46:4: error: request for member ‘prev’ in something not a structure or union
   46 |   x.prev = NULL;
      |    ^
list.c: In function ‘pushFront’:
list.c:72:7: error: ‘List’ {aka ‘struct List’} has no member named ‘size’
   72 |   list->size++;
      |       ^~
test.c: In function ‘test_first_next’:
test.c:101:13: error: too few arguments to function ‘firstList’
  101 |     int*j = firstList(L);
      |             ^~~~~~~~~
In file included from test.c:5:
list.c:39:8: note: declared here
   39 | void * firstList(List * list, int x) {
      |        ^~~~~~~~~
test.c:122:9: error: too few arguments to function ‘firstList’
  122 |     j = firstList(L);
      |         ^~~~~~~~~
In file included from test.c:5:
list.c:39:8: note: declared here
   39 | void * firstList(List * list, int x) {
      |        ^~~~~~~~~
Compilation failed
18df9f2
Thu 24 Aug 2023 07:53:43 PM UTC: 
In file included from test.c:5:
list.c: In function ‘createList’:
list.c:34:7: error: ‘List’ {aka ‘struct List’} has no member named ‘size’
   34 |   list->size=0;
      |       ^~
list.c: At top level:
list.c:39:8: error: conflicting types for ‘firstList’; have ‘void *(List *, int)’ {aka ‘void *(struct List *, int)’}
   39 | void * firstList(List * list, int x) {
      |        ^~~~~~~~~
In file included from list.c:4,
                 from test.c:5:
list.h:8:8: note: previous declaration of ‘firstList’ with type ‘void *(List *)’ {aka ‘void *(struct List *)’}
    8 | void * firstList(List * list);
      |        ^~~~~~~~~
In file included from test.c:5:
list.c: In function ‘firstList’:
list.c:40:4: error: request for member ‘next’ in something not a structure or union
   40 |   x.next =   List.head;
      |    ^
list.c:40:14: error: expected expression before ‘List’
   40 |   x.next =   List.head;
      |              ^~~~
list.c:41:6: error: expected ‘(’ before ‘List’
   41 |   if List.head != NULL
      |      ^~~~
      |      (
list.c:46:4: error: request for member ‘prev’ in something not a structure or union
   46 |   x.prev = NULL;
      |    ^
list.c: In function ‘pushFront’:
list.c:72:7: error: ‘List’ {aka ‘struct List’} has no member named ‘size’
   72 |   list->size++;
      |       ^~
test.c: In function ‘test_first_next’:
test.c:101:13: error: too few arguments to function ‘firstList’
  101 |     int*j = firstList(L);
      |             ^~~~~~~~~
In file included from test.c:5:
list.c:39:8: note: declared here
   39 | void * firstList(List * list, int x) {
      |        ^~~~~~~~~
test.c:122:9: error: too few arguments to function ‘firstList’
  122 |     j = firstList(L);
      |         ^~~~~~~~~
In file included from test.c:5:
list.c:39:8: note: declared here
   39 | void * firstList(List * list, int x) {
      |        ^~~~~~~~~
Compilation failed
c6d2aee
Thu 24 Aug 2023 07:53:54 PM UTC: 
In file included from test.c:5:
list.c: In function ‘createList’:
list.c:34:7: error: ‘List’ {aka ‘struct List’} has no member named ‘size’
   34 |   list->size=0;
      |       ^~
list.c: At top level:
list.c:39:8: error: conflicting types for ‘firstList’; have ‘void *(List *, int)’ {aka ‘void *(struct List *, int)’}
   39 | void * firstList(List * list, int x) {
      |        ^~~~~~~~~
In file included from list.c:4,
                 from test.c:5:
list.h:8:8: note: previous declaration of ‘firstList’ with type ‘void *(List *)’ {aka ‘void *(struct List *)’}
    8 | void * firstList(List * list);
      |        ^~~~~~~~~
In file included from test.c:5:
list.c: In function ‘firstList’:
list.c:40:4: error: request for member ‘next’ in something not a structure or union
   40 |   x.next =   List.head;
      |    ^
list.c:40:14: error: expected expression before ‘List’
   40 |   x.next =   List.head;
      |              ^~~~
list.c:41:6: error: expected ‘(’ before ‘List’
   41 |   if List.head != NULL
      |      ^~~~
      |      (
list.c:46:4: error: request for member ‘prev’ in something not a structure or union
   46 |   x.prev = NULL;
      |    ^
list.c: In function ‘pushFront’:
list.c:72:7: error: ‘List’ {aka ‘struct List’} has no member named ‘size’
   72 |   list->size++;
      |       ^~
test.c: In function ‘test_first_next’:
test.c:101:13: error: too few arguments to function ‘firstList’
  101 |     int*j = firstList(L);
      |             ^~~~~~~~~
In file included from test.c:5:
list.c:39:8: note: declared here
   39 | void * firstList(List * list, int x) {
      |        ^~~~~~~~~
test.c:122:9: error: too few arguments to function ‘firstList’
  122 |     j = firstList(L);
      |         ^~~~~~~~~
In file included from test.c:5:
list.c:39:8: note: declared here
   39 | void * firstList(List * list, int x) {
      |        ^~~~~~~~~
Compilation failed
7fc923f
Thu 24 Aug 2023 07:54:49 PM UTC: 
In file included from test.c:5:
list.c: In function ‘createList’:
list.c:34:7: error: ‘List’ {aka ‘struct List’} has no member named ‘size’
   34 |   list->size=0;
      |       ^~
list.c: At top level:
list.c:39:8: error: conflicting types for ‘firstList’; have ‘void *(List *, int)’ {aka ‘void *(struct List *, int)’}
   39 | void * firstList(List * list, int x) {
      |        ^~~~~~~~~
In file included from list.c:4,
                 from test.c:5:
list.h:8:8: note: previous declaration of ‘firstList’ with type ‘void *(List *)’ {aka ‘void *(struct List *)’}
    8 | void * firstList(List * list);
      |        ^~~~~~~~~
In file included from test.c:5:
list.c: In function ‘firstList’:
list.c:40:4: error: request for member ‘next’ in something not a structure or union
   40 |   x.next =   List.head;
      |    ^
list.c:40:14: error: expected expression before ‘List’
   40 |   x.next =   List.head;
      |              ^~~~
list.c:41:6: error: expected ‘(’ before ‘List’
   41 |   if List.head != NULL
      |      ^~~~
      |      (
list.c:46:4: error: request for member ‘prev’ in something not a structure or union
   46 |   x.prev = NULL;
      |    ^
list.c: In function ‘pushFront’:
list.c:72:7: error: ‘List’ {aka ‘struct List’} has no member named ‘size’
   72 |   list->size++;
      |       ^~
test.c: In function ‘test_first_next’:
test.c:101:13: error: too few arguments to function ‘firstList’
  101 |     int*j = firstList(L);
      |             ^~~~~~~~~
In file included from test.c:5:
list.c:39:8: note: declared here
   39 | void * firstList(List * list, int x) {
      |        ^~~~~~~~~
test.c:122:9: error: too few arguments to function ‘firstList’
  122 |     j = firstList(L);
      |         ^~~~~~~~~
In file included from test.c:5:
list.c:39:8: note: declared here
   39 | void * firstList(List * list, int x) {
      |        ^~~~~~~~~
Compilation failed
7196753
Thu 24 Aug 2023 07:55:36 PM UTC: 
 list.c | 9 ---------
 1 file changed, 9 deletions(-)
In file included from test.c:5:
list.c: In function ‘createList’:
list.c:34:7: error: ‘List’ {aka ‘struct List’} has no member named ‘size’
   34 |   list->size=0;
      |       ^~
list.c: At top level:
list.c:39:8: error: conflicting types for ‘firstList’; have ‘void *(List *, int)’ {aka ‘void *(struct List *, int)’}
   39 | void * firstList(List * list, int x) {
      |        ^~~~~~~~~
In file included from list.c:4,
                 from test.c:5:
list.h:8:8: note: previous declaration of ‘firstList’ with type ‘void *(List *)’ {aka ‘void *(struct List *)’}
    8 | void * firstList(List * list);
      |        ^~~~~~~~~
In file included from test.c:5:
list.c: In function ‘pushFront’:
list.c:63:7: error: ‘List’ {aka ‘struct List’} has no member named ‘size’
   63 |   list->size++;
      |       ^~
test.c: In function ‘test_first_next’:
test.c:101:13: error: too few arguments to function ‘firstList’
  101 |     int*j = firstList(L);
      |             ^~~~~~~~~
In file included from test.c:5:
list.c:39:8: note: declared here
   39 | void * firstList(List * list, int x) {
      |        ^~~~~~~~~
test.c:122:9: error: too few arguments to function ‘firstList’
  122 |     j = firstList(L);
      |         ^~~~~~~~~
In file included from test.c:5:
list.c:39:8: note: declared here
   39 | void * firstList(List * list, int x) {
      |        ^~~~~~~~~
list.c: In function ‘firstList’:
list.c:40:1: error: control reaches end of non-void function [-Werror=return-type]
   40 | }
      | ^
cc1: all warnings being treated as errors
Compilation failed
9b98eb8
Thu 24 Aug 2023 07:59:27 PM UTC: 
 list.c | 2 +-
 1 file changed, 1 insertion(+), 1 deletion(-)
In file included from test.c:5:
list.c: In function ‘createList’:
list.c:34:9: error: expected identifier before ‘(’ token
   34 |   list->(sizeof(List))=0;
      |         ^
list.c: At top level:
list.c:39:8: error: conflicting types for ‘firstList’; have ‘void *(List *, int)’ {aka ‘void *(struct List *, int)’}
   39 | void * firstList(List * list, int x) {
      |        ^~~~~~~~~
In file included from list.c:4,
                 from test.c:5:
list.h:8:8: note: previous declaration of ‘firstList’ with type ‘void *(List *)’ {aka ‘void *(struct List *)’}
    8 | void * firstList(List * list);
      |        ^~~~~~~~~
In file included from test.c:5:
list.c: In function ‘pushFront’:
list.c:63:7: error: ‘List’ {aka ‘struct List’} has no member named ‘size’
   63 |   list->size++;
      |       ^~
test.c: In function ‘test_first_next’:
test.c:101:13: error: too few arguments to function ‘firstList’
  101 |     int*j = firstList(L);
      |             ^~~~~~~~~
In file included from test.c:5:
list.c:39:8: note: declared here
   39 | void * firstList(List * list, int x) {
      |        ^~~~~~~~~
test.c:122:9: error: too few arguments to function ‘firstList’
  122 |     j = firstList(L);
      |         ^~~~~~~~~
In file included from test.c:5:
list.c:39:8: note: declared here
   39 | void * firstList(List * list, int x) {
      |        ^~~~~~~~~
list.c: In function ‘firstList’:
list.c:40:1: error: control reaches end of non-void function [-Werror=return-type]
   40 | }
      | ^
cc1: all warnings being treated as errors
Compilation failed
c57e287
Thu 24 Aug 2023 07:59:37 PM UTC: 
 list.c | 2 +-
 1 file changed, 1 insertion(+), 1 deletion(-)
In file included from test.c:5:
list.c: In function ‘createList’:
list.c:34:9: error: expected identifier before ‘(’ token
   34 |   list->((sizeof(List))=0;
      |         ^
test.c: In function ‘test_first_next’:
test.c:107:17: error: ‘msg’ undeclared (first use in this function)
  107 |         sprintf(msg,"firstList retorna %d",*j);
      |                 ^~~
test.c:107:17: note: each undeclared identifier is reported only once for each function it appears in
test.c: In function ‘test_last_prev’:
test.c:180:17: error: ‘msg’ undeclared (first use in this function)
  180 |         sprintf(msg,"lastList retorna %d",*j);
      |                 ^~~
test.c: In function ‘test_pushfront’:
test.c:240:13: error: ‘msg’ undeclared (first use in this function)
  240 |     sprintf(msg, "Insertando %d a la lista (pushfront)",*j);
      |             ^~~
test.c: In function ‘test_pushcurrent’:
test.c:307:13: error: ‘msg’ undeclared (first use in this function)
  307 |     sprintf(msg, "pushFront(%d)",*j);
      |             ^~~
test.c: In function ‘test_popcurrent’:
test.c:381:17: error: ‘msg’ undeclared (first use in this function)
  381 |         sprintf(msg,"PopCurrent retorna %d",*k);
      |                 ^~~
test.c: In function ‘createList’:
test.c:448:5: error: ‘main’ is normally a non-static function [-Werror=main]
  448 | int main( int argc, char *argv[] ) {
      |     ^~~~
test.c:468:1: error: expected declaration or statement at end of input
  468 | }
      | ^
test.c:469: error: control reaches end of non-void function [-Werror=return-type]
At top level:
test.c:448:5: error: ‘main’ defined but not used [-Werror=unused-function]
  448 | int main( int argc, char *argv[] ) {
      |     ^~~~
cc1: all warnings being treated as errors
Compilation failed
14c251b
